{"/home/sreenesh/Sreenesh/Other_Projects/test/app/index.js":{"path":"/home/sreenesh/Sreenesh/Other_Projects/test/app/index.js","s":{"1":1,"2":1,"3":1,"4":1},"b":{},"f":{"1":1},"fnMap":{"1":{"name":"add","line":51,"loc":{"start":{"line":51,"column":0},"end":{"line":51,"column":24}}}},"statementMap":{"1":{"start":{"line":51,"column":0},"end":{"line":53,"column":1}},"2":{"start":{"line":52,"column":1},"end":{"line":52,"column":20}},"3":{"start":{"line":55,"column":0},"end":{"line":55,"column":19}},"4":{"start":{"line":57,"column":0},"end":{"line":57,"column":25}}},"branchMap":{}},"/home/sreenesh/Sreenesh/Other_Projects/test/app/index2.js":{"path":"/home/sreenesh/Sreenesh/Other_Projects/test/app/index2.js","s":{"1":1,"2":1,"3":1,"4":1,"5":1,"6":1,"7":1},"b":{},"f":{"1":1,"2":1},"fnMap":{"1":{"name":"abc","line":1,"loc":{"start":{"line":1,"column":0},"end":{"line":1,"column":20}}},"2":{"name":"pqr","line":6,"loc":{"start":{"line":6,"column":0},"end":{"line":6,"column":20}}}},"statementMap":{"1":{"start":{"line":1,"column":0},"end":{"line":4,"column":1}},"2":{"start":{"line":2,"column":1},"end":{"line":2,"column":15}},"3":{"start":{"line":3,"column":1},"end":{"line":3,"column":7}},"4":{"start":{"line":6,"column":0},"end":{"line":9,"column":1}},"5":{"start":{"line":7,"column":1},"end":{"line":7,"column":15}},"6":{"start":{"line":8,"column":1},"end":{"line":8,"column":16}},"7":{"start":{"line":11,"column":0},"end":{"line":11,"column":7}}},"branchMap":{}},"/home/sreenesh/Sreenesh/Other_Projects/test/app/index3.js":{"path":"/home/sreenesh/Sreenesh/Other_Projects/test/app/index3.js","s":{"1":1},"b":{},"f":{},"fnMap":{},"statementMap":{"1":{"start":{"line":1,"column":0},"end":{"line":1,"column":4}}},"branchMap":{}}}