{"/home/sreenesh/Sreenesh/Other_Projects/test/app/index2.js":{"path":"/home/sreenesh/Sreenesh/Other_Projects/test/app/index2.js","s":{"1":1,"2":1,"3":1,"4":1,"5":1,"6":1},"b":{},"f":{"1":1,"2":1},"fnMap":{"1":{"name":"abc","line":1,"loc":{"start":{"line":1,"column":0},"end":{"line":1,"column":20}}},"2":{"name":"pqr","line":6,"loc":{"start":{"line":6,"column":0},"end":{"line":6,"column":20}}}},"statementMap":{"1":{"start":{"line":1,"column":0},"end":{"line":4,"column":1}},"2":{"start":{"line":2,"column":1},"end":{"line":2,"column":11}},"3":{"start":{"line":3,"column":1},"end":{"line":3,"column":7}},"4":{"start":{"line":6,"column":0},"end":{"line":8,"column":1}},"5":{"start":{"line":7,"column":1},"end":{"line":7,"column":11}},"6":{"start":{"line":10,"column":0},"end":{"line":10,"column":7}}},"branchMap":{}},"/home/sreenesh/Sreenesh/Other_Projects/test/app/index3.js":{"path":"/home/sreenesh/Sreenesh/Other_Projects/test/app/index3.js","s":{"1":1},"b":{},"f":{},"fnMap":{},"statementMap":{"1":{"start":{"line":1,"column":0},"end":{"line":1,"column":4}}},"branchMap":{}},"/home/sreenesh/Sreenesh/Other_Projects/test/app/index.js":{"path":"/home/sreenesh/Sreenesh/Other_Projects/test/app/index.js","s":{"1":1,"2":0,"3":1,"4":0,"5":1,"6":1,"7":1,"8":1},"b":{"1":[0,0]},"f":{"1":0,"2":0,"3":0,"4":1},"fnMap":{"1":{"name":"addClickHandler","line":1,"loc":{"start":{"line":1,"column":0},"end":{"line":1,"column":34}}},"2":{"name":"onClick","line":2,"loc":{"start":{"line":2,"column":20},"end":{"line":2,"column":40}}},"3":{"name":"createTaskListModified","line":7,"loc":{"start":{"line":7,"column":0},"end":{"line":7,"column":34}}},"4":{"name":"add","line":51,"loc":{"start":{"line":51,"column":0},"end":{"line":51,"column":24}}}},"statementMap":{"1":{"start":{"line":1,"column":0},"end":{"line":5,"column":1}},"2":{"start":{"line":2,"column":4},"end":{"line":4,"column":5}},"3":{"start":{"line":7,"column":0},"end":{"line":49,"column":1}},"4":{"start":{"line":8,"column":2},"end":{"line":48,"column":5}},"5":{"start":{"line":51,"column":0},"end":{"line":53,"column":1}},"6":{"start":{"line":52,"column":1},"end":{"line":52,"column":20}},"7":{"start":{"line":55,"column":0},"end":{"line":55,"column":19}},"8":{"start":{"line":57,"column":0},"end":{"line":57,"column":25}}},"branchMap":{"1":{"line":37,"type":"binary-expr","locations":[{"start":{"line":37,"column":13},"end":{"line":37,"column":46}},{"start":{"line":37,"column":50},"end":{"line":37,"column":71}}]}}}}