TN:
SF:/home/sreenesh/Sreenesh/Other_Projects/test/app/index2.js
FN:1,abc
FN:6,pqr
FNF:2
FNH:2
FNDA:1,abc
FNDA:1,pqr
DA:1,1
DA:2,1
DA:3,1
DA:6,1
DA:7,1
DA:10,1
LF:6
LH:6
BRF:0
BRH:0
end_of_record
TN:
SF:/home/sreenesh/Sreenesh/Other_Projects/test/app/index3.js
FNF:0
FNH:0
DA:1,1
LF:1
LH:1
BRF:0
BRH:0
end_of_record
TN:
SF:/home/sreenesh/Sreenesh/Other_Projects/test/app/index.js
FN:1,addClickHandler
FN:2,onClick
FN:7,createTaskListModified
FN:51,add
FNF:4
FNH:1
FNDA:0,addClickHandler
FNDA:0,onClick
FNDA:0,createTaskListModified
FNDA:1,add
DA:1,1
DA:2,0
DA:7,1
DA:8,0
DA:51,1
DA:52,1
DA:55,1
DA:57,1
LF:8
LH:6
BRDA:37,1,0,0
BRDA:37,1,1,0
BRF:2
BRH:0
end_of_record
